laplace_2_gamma1.txt,	0s,	0s,	0,	 5s,	 20
laplace_2_gamma2.txt,	0s,	0s,	0,	 6s,	 20
laplace_2_gamma3.txt,	0s,	0s,	0,	 6s,	 20

laplace_2_gamma1.txt
OK
P(1|-1 -1) >= 1 - beta
OK
P(1|-1 0) >= 1 - beta
OK
P(1|-1 1) >= 1 - beta
OK
P(1|0 -1) >= 1 - beta
OK
P(1|0 0) >= 1 - beta
OK
P(1|0 1) >= 1 - beta
OK
P(1|1 -1) >= 1 - beta
OK
P(1|1 0) >= 1 - beta
OK
P(1|1 1) >= 1 - beta
True
-----------------------------------------------------------------------------------------
laplace_2_gamma2.txt
OK
P(1|-1 -1) >= 1 - beta
OK
P(1|-1 0) >= 1 - beta
OK
P(1|-1 1) >= 1 - beta
OK
P(1|0 -1) >= 1 - beta
OK
P(1|0 0) >= 1 - beta
OK
P(1|0 1) >= 1 - beta
OK
P(1|1 -1) >= 1 - beta
OK
P(1|1 0) >= 1 - beta
OK
P(1|1 1) >= 1 - beta
True
-----------------------------------------------------------------------------------------
laplace_2_gamma3.txt
OK
P(1|-1 -1) >= 1 - beta
OK
P(1|-1 0) >= 1 - beta
OK
P(1|-1 1) >= 1 - beta
OK
P(1|0 -1) >= 1 - beta
OK
P(1|0 0) >= 1 - beta
OK
P(1|0 1) >= 1 - beta
OK
P(1|1 -1) >= 1 - beta
OK
P(1|1 0) >= 1 - beta
OK
P(1|1 1) >= 1 - beta
True
-----------------------------------------------------------------------------------------
