input_3_nmax5_width1.txt,	0s,	0s,	0,	 148s,	 69
input_3_nmax5_width2.txt,	0s,	1s,	0,	 823s,	 260
input_3_nmax5_width3.txt,	0s,	1s,		0,	 2583s,	 663

input_3_nmax5_width1.txt
OK
P(0|-1 -1 -1) >= 1 - beta
OK
P(2|-1 -1 0) >= 1 - beta
OK
P(2|-1 -1 1) >= 1 - beta
OK
P(1|-1 0 -1) >= 1 - beta
OK
P(1|-1 0 0) >= 1 - beta
OK
P(2|-1 0 1) >= 1 - beta
OK
P(1|-1 1 -1) >= 1 - beta
OK
P(1|-1 1 0) >= 1 - beta
OK
P(1|-1 1 1) >= 1 - beta
OK
P(0|0 -1 -1) >= 1 - beta
OK
P(0|0 -1 0) >= 1 - beta
OK
P(2|0 -1 1) >= 1 - beta
OK
P(0|0 0 -1) >= 1 - beta
OK
P(0|0 0 0) >= 1 - beta
OK
P(2|0 0 1) >= 1 - beta
OK
P(1|0 1 -1) >= 1 - beta
OK
P(1|0 1 0) >= 1 - beta
OK
P(1|0 1 1) >= 1 - beta
OK
P(0|1 -1 -1) >= 1 - beta
OK
P(0|1 -1 0) >= 1 - beta
OK
P(0|1 -1 1) >= 1 - beta
OK
P(0|1 0 -1) >= 1 - beta
OK
P(0|1 0 0) >= 1 - beta
OK
P(0|1 0 1) >= 1 - beta
OK
P(0|1 1 -1) >= 1 - beta
OK
P(0|1 1 0) >= 1 - beta
OK
P(0|1 1 1) >= 1 - beta
True
-----------------------------------------------------------------------------------------
input_3_nmax5_width2.txt
OK
P(0|-2 -2 -2) >= 1 - beta
OK
P(2|-2 -2 -1) >= 1 - beta
OK
P(2|-2 -2 0) >= 1 - beta
OK
P(2|-2 -2 1) >= 1 - beta
OK
P(2|-2 -2 2) >= 1 - beta
OK
P(1|-2 -1 -2) >= 1 - beta
OK
P(1|-2 -1 -1) >= 1 - beta
OK
P(2|-2 -1 0) >= 1 - beta
OK
P(2|-2 -1 1) >= 1 - beta
OK
P(2|-2 -1 2) >= 1 - beta
OK
P(1|-2 0 -2) >= 1 - beta
OK
P(1|-2 0 -1) >= 1 - beta
OK
P(1|-2 0 0) >= 1 - beta
OK
P(2|-2 0 1) >= 1 - beta
OK
P(2|-2 0 2) >= 1 - beta
OK
P(1|-2 1 -2) >= 1 - beta
OK
P(1|-2 1 -1) >= 1 - beta
OK
P(1|-2 1 0) >= 1 - beta
OK
P(1|-2 1 1) >= 1 - beta
OK
P(2|-2 1 2) >= 1 - beta
OK
P(1|-2 2 -2) >= 1 - beta
OK
P(1|-2 2 -1) >= 1 - beta
OK
P(1|-2 2 0) >= 1 - beta
OK
P(1|-2 2 1) >= 1 - beta
OK
P(1|-2 2 2) >= 1 - beta
OK
P(0|-1 -2 -2) >= 1 - beta
OK
P(0|-1 -2 -1) >= 1 - beta
OK
P(2|-1 -2 0) >= 1 - beta
OK
P(2|-1 -2 1) >= 1 - beta
OK
P(2|-1 -2 2) >= 1 - beta
OK
P(0|-1 -1 -2) >= 1 - beta
OK
P(0|-1 -1 -1) >= 1 - beta
OK
P(2|-1 -1 0) >= 1 - beta
OK
P(2|-1 -1 1) >= 1 - beta
OK
P(2|-1 -1 2) >= 1 - beta
OK
P(1|-1 0 -2) >= 1 - beta
OK
P(1|-1 0 -1) >= 1 - beta
OK
P(1|-1 0 0) >= 1 - beta
OK
P(2|-1 0 1) >= 1 - beta
OK
P(2|-1 0 2) >= 1 - beta
OK
P(1|-1 1 -2) >= 1 - beta
OK
P(1|-1 1 -1) >= 1 - beta
OK
P(1|-1 1 0) >= 1 - beta
OK
P(1|-1 1 1) >= 1 - beta
OK
P(2|-1 1 2) >= 1 - beta
OK
P(1|-1 2 -2) >= 1 - beta
OK
P(1|-1 2 -1) >= 1 - beta
OK
P(1|-1 2 0) >= 1 - beta
OK
P(1|-1 2 1) >= 1 - beta
OK
P(1|-1 2 2) >= 1 - beta
OK
P(0|0 -2 -2) >= 1 - beta
OK
P(0|0 -2 -1) >= 1 - beta
OK
P(0|0 -2 0) >= 1 - beta
OK
P(2|0 -2 1) >= 1 - beta
OK
P(2|0 -2 2) >= 1 - beta
OK
P(0|0 -1 -2) >= 1 - beta
OK
P(0|0 -1 -1) >= 1 - beta
OK
P(0|0 -1 0) >= 1 - beta
OK
P(2|0 -1 1) >= 1 - beta
OK
P(2|0 -1 2) >= 1 - beta
OK
P(0|0 0 -2) >= 1 - beta
OK
P(0|0 0 -1) >= 1 - beta
OK
P(0|0 0 0) >= 1 - beta
OK
P(2|0 0 1) >= 1 - beta
OK
P(2|0 0 2) >= 1 - beta
OK
P(1|0 1 -2) >= 1 - beta
OK
P(1|0 1 -1) >= 1 - beta
OK
P(1|0 1 0) >= 1 - beta
OK
P(1|0 1 1) >= 1 - beta
OK
P(2|0 1 2) >= 1 - beta
OK
P(1|0 2 -2) >= 1 - beta
OK
P(1|0 2 -1) >= 1 - beta
OK
P(1|0 2 0) >= 1 - beta
OK
P(1|0 2 1) >= 1 - beta
OK
P(1|0 2 2) >= 1 - beta
OK
P(0|1 -2 -2) >= 1 - beta
OK
P(0|1 -2 -1) >= 1 - beta
OK
P(0|1 -2 0) >= 1 - beta
OK
P(0|1 -2 1) >= 1 - beta
OK
P(2|1 -2 2) >= 1 - beta
OK
P(0|1 -1 -2) >= 1 - beta
OK
P(0|1 -1 -1) >= 1 - beta
OK
P(0|1 -1 0) >= 1 - beta
OK
P(0|1 -1 1) >= 1 - beta
OK
P(2|1 -1 2) >= 1 - beta
OK
P(0|1 0 -2) >= 1 - beta
OK
P(0|1 0 -1) >= 1 - beta
OK
P(0|1 0 0) >= 1 - beta
OK
P(0|1 0 1) >= 1 - beta
OK
P(2|1 0 2) >= 1 - beta
OK
P(0|1 1 -2) >= 1 - beta
OK
P(0|1 1 -1) >= 1 - beta
OK
P(0|1 1 0) >= 1 - beta
OK
P(0|1 1 1) >= 1 - beta
OK
P(2|1 1 2) >= 1 - beta
OK
P(1|1 2 -2) >= 1 - beta
OK
P(1|1 2 -1) >= 1 - beta
OK
P(1|1 2 0) >= 1 - beta
OK
P(1|1 2 1) >= 1 - beta
OK
P(1|1 2 2) >= 1 - beta
OK
P(0|2 -2 -2) >= 1 - beta
OK
P(0|2 -2 -1) >= 1 - beta
OK
P(0|2 -2 0) >= 1 - beta
OK
P(0|2 -2 1) >= 1 - beta
OK
P(0|2 -2 2) >= 1 - beta
OK
P(0|2 -1 -2) >= 1 - beta
OK
P(0|2 -1 -1) >= 1 - beta
OK
P(0|2 -1 0) >= 1 - beta
OK
P(0|2 -1 1) >= 1 - beta
OK
P(0|2 -1 2) >= 1 - beta
OK
P(0|2 0 -2) >= 1 - beta
OK
P(0|2 0 -1) >= 1 - beta
OK
P(0|2 0 0) >= 1 - beta
OK
P(0|2 0 1) >= 1 - beta
OK
P(0|2 0 2) >= 1 - beta
OK
P(0|2 1 -2) >= 1 - beta
OK
P(0|2 1 -1) >= 1 - beta
OK
P(0|2 1 0) >= 1 - beta
OK
P(0|2 1 1) >= 1 - beta
OK
P(0|2 1 2) >= 1 - beta
OK
P(0|2 2 -2) >= 1 - beta
OK
P(0|2 2 -1) >= 1 - beta
OK
P(0|2 2 0) >= 1 - beta
OK
P(0|2 2 1) >= 1 - beta
OK
P(0|2 2 2) >= 1 - beta
True
-----------------------------------------------------------------------------------------
input_3_nmax5_width3.txt
OK
P(0|-3 -3 -3) >= 1 - beta
OK
P(2|-3 -3 -2) >= 1 - beta
OK
P(2|-3 -3 -1) >= 1 - beta
OK
P(2|-3 -3 0) >= 1 - beta
OK
P(2|-3 -3 1) >= 1 - beta
OK
P(2|-3 -3 2) >= 1 - beta
OK
P(2|-3 -3 3) >= 1 - beta
OK
P(1|-3 -2 -3) >= 1 - beta
OK
P(1|-3 -2 -2) >= 1 - beta
OK
P(2|-3 -2 -1) >= 1 - beta
OK
P(2|-3 -2 0) >= 1 - beta
OK
P(2|-3 -2 1) >= 1 - beta
OK
P(2|-3 -2 2) >= 1 - beta
OK
P(2|-3 -2 3) >= 1 - beta
OK
P(1|-3 -1 -3) >= 1 - beta
OK
P(1|-3 -1 -2) >= 1 - beta
OK
P(1|-3 -1 -1) >= 1 - beta
OK
P(2|-3 -1 0) >= 1 - beta
OK
P(2|-3 -1 1) >= 1 - beta
OK
P(2|-3 -1 2) >= 1 - beta
OK
P(2|-3 -1 3) >= 1 - beta
OK
P(1|-3 0 -3) >= 1 - beta
OK
P(1|-3 0 -2) >= 1 - beta
OK
P(1|-3 0 -1) >= 1 - beta
OK
P(1|-3 0 0) >= 1 - beta
OK
P(2|-3 0 1) >= 1 - beta
OK
P(2|-3 0 2) >= 1 - beta
OK
P(2|-3 0 3) >= 1 - beta
OK
P(1|-3 1 -3) >= 1 - beta
OK
P(1|-3 1 -2) >= 1 - beta
OK
P(1|-3 1 -1) >= 1 - beta
OK
P(1|-3 1 0) >= 1 - beta
OK
P(1|-3 1 1) >= 1 - beta
OK
P(2|-3 1 2) >= 1 - beta
OK
P(2|-3 1 3) >= 1 - beta
OK
P(1|-3 2 -3) >= 1 - beta
OK
P(1|-3 2 -2) >= 1 - beta
OK
P(1|-3 2 -1) >= 1 - beta
OK
P(1|-3 2 0) >= 1 - beta
OK
P(1|-3 2 1) >= 1 - beta
OK
P(1|-3 2 2) >= 1 - beta
OK
P(2|-3 2 3) >= 1 - beta
OK
P(1|-3 3 -3) >= 1 - beta
OK
P(1|-3 3 -2) >= 1 - beta
OK
P(1|-3 3 -1) >= 1 - beta
OK
P(1|-3 3 0) >= 1 - beta
OK
P(1|-3 3 1) >= 1 - beta
OK
P(1|-3 3 2) >= 1 - beta
OK
P(1|-3 3 3) >= 1 - beta
OK
P(0|-2 -3 -3) >= 1 - beta
OK
P(0|-2 -3 -2) >= 1 - beta
OK
P(2|-2 -3 -1) >= 1 - beta
OK
P(2|-2 -3 0) >= 1 - beta
OK
P(2|-2 -3 1) >= 1 - beta
OK
P(2|-2 -3 2) >= 1 - beta
OK
P(2|-2 -3 3) >= 1 - beta
OK
P(0|-2 -2 -3) >= 1 - beta
OK
P(0|-2 -2 -2) >= 1 - beta
OK
P(2|-2 -2 -1) >= 1 - beta
OK
P(2|-2 -2 0) >= 1 - beta
OK
P(2|-2 -2 1) >= 1 - beta
OK
P(2|-2 -2 2) >= 1 - beta
OK
P(2|-2 -2 3) >= 1 - beta
OK
P(1|-2 -1 -3) >= 1 - beta
OK
P(1|-2 -1 -2) >= 1 - beta
OK
P(1|-2 -1 -1) >= 1 - beta
OK
P(2|-2 -1 0) >= 1 - beta
OK
P(2|-2 -1 1) >= 1 - beta
OK
P(2|-2 -1 2) >= 1 - beta
OK
P(2|-2 -1 3) >= 1 - beta
OK
P(1|-2 0 -3) >= 1 - beta
OK
P(1|-2 0 -2) >= 1 - beta
OK
P(1|-2 0 -1) >= 1 - beta
OK
P(1|-2 0 0) >= 1 - beta
OK
P(2|-2 0 1) >= 1 - beta
OK
P(2|-2 0 2) >= 1 - beta
OK
P(2|-2 0 3) >= 1 - beta
OK
P(1|-2 1 -3) >= 1 - beta
OK
P(1|-2 1 -2) >= 1 - beta
OK
P(1|-2 1 -1) >= 1 - beta
OK
P(1|-2 1 0) >= 1 - beta
OK
P(1|-2 1 1) >= 1 - beta
OK
P(2|-2 1 2) >= 1 - beta
OK
P(2|-2 1 3) >= 1 - beta
OK
P(1|-2 2 -3) >= 1 - beta
OK
P(1|-2 2 -2) >= 1 - beta
OK
P(1|-2 2 -1) >= 1 - beta
OK
P(1|-2 2 0) >= 1 - beta
OK
P(1|-2 2 1) >= 1 - beta
OK
P(1|-2 2 2) >= 1 - beta
OK
P(2|-2 2 3) >= 1 - beta
OK
P(1|-2 3 -3) >= 1 - beta
OK
P(1|-2 3 -2) >= 1 - beta
OK
P(1|-2 3 -1) >= 1 - beta
OK
P(1|-2 3 0) >= 1 - beta
OK
P(1|-2 3 1) >= 1 - beta
OK
P(1|-2 3 2) >= 1 - beta
OK
P(1|-2 3 3) >= 1 - beta
OK
P(0|-1 -3 -3) >= 1 - beta
OK
P(0|-1 -3 -2) >= 1 - beta
OK
P(0|-1 -3 -1) >= 1 - beta
OK
P(2|-1 -3 0) >= 1 - beta
OK
P(2|-1 -3 1) >= 1 - beta
OK
P(2|-1 -3 2) >= 1 - beta
OK
P(2|-1 -3 3) >= 1 - beta
OK
P(0|-1 -2 -3) >= 1 - beta
OK
P(0|-1 -2 -2) >= 1 - beta
OK
P(0|-1 -2 -1) >= 1 - beta
OK
P(2|-1 -2 0) >= 1 - beta
OK
P(2|-1 -2 1) >= 1 - beta
OK
P(2|-1 -2 2) >= 1 - beta
OK
P(2|-1 -2 3) >= 1 - beta
OK
P(0|-1 -1 -3) >= 1 - beta
OK
P(0|-1 -1 -2) >= 1 - beta
OK
P(0|-1 -1 -1) >= 1 - beta
OK
P(2|-1 -1 0) >= 1 - beta
OK
P(2|-1 -1 1) >= 1 - beta
OK
P(2|-1 -1 2) >= 1 - beta
OK
P(2|-1 -1 3) >= 1 - beta
OK
P(1|-1 0 -3) >= 1 - beta
OK
P(1|-1 0 -2) >= 1 - beta
OK
P(1|-1 0 -1) >= 1 - beta
OK
P(1|-1 0 0) >= 1 - beta
OK
P(2|-1 0 1) >= 1 - beta
OK
P(2|-1 0 2) >= 1 - beta
OK
P(2|-1 0 3) >= 1 - beta
OK
P(1|-1 1 -3) >= 1 - beta
OK
P(1|-1 1 -2) >= 1 - beta
OK
P(1|-1 1 -1) >= 1 - beta
OK
P(1|-1 1 0) >= 1 - beta
OK
P(1|-1 1 1) >= 1 - beta
OK
P(2|-1 1 2) >= 1 - beta
OK
P(2|-1 1 3) >= 1 - beta
OK
P(1|-1 2 -3) >= 1 - beta
OK
P(1|-1 2 -2) >= 1 - beta
OK
P(1|-1 2 -1) >= 1 - beta
OK
P(1|-1 2 0) >= 1 - beta
OK
P(1|-1 2 1) >= 1 - beta
OK
P(1|-1 2 2) >= 1 - beta
OK
P(2|-1 2 3) >= 1 - beta
OK
P(1|-1 3 -3) >= 1 - beta
OK
P(1|-1 3 -2) >= 1 - beta
OK
P(1|-1 3 -1) >= 1 - beta
OK
P(1|-1 3 0) >= 1 - beta
OK
P(1|-1 3 1) >= 1 - beta
OK
P(1|-1 3 2) >= 1 - beta
OK
P(1|-1 3 3) >= 1 - beta
OK
P(0|0 -3 -3) >= 1 - beta
OK
P(0|0 -3 -2) >= 1 - beta
OK
P(0|0 -3 -1) >= 1 - beta
OK
P(0|0 -3 0) >= 1 - beta
OK
P(2|0 -3 1) >= 1 - beta
OK
P(2|0 -3 2) >= 1 - beta
OK
P(2|0 -3 3) >= 1 - beta
OK
P(0|0 -2 -3) >= 1 - beta
OK
P(0|0 -2 -2) >= 1 - beta
OK
P(0|0 -2 -1) >= 1 - beta
OK
P(0|0 -2 0) >= 1 - beta
OK
P(2|0 -2 1) >= 1 - beta
OK
P(2|0 -2 2) >= 1 - beta
OK
P(2|0 -2 3) >= 1 - beta
OK
P(0|0 -1 -3) >= 1 - beta
OK
P(0|0 -1 -2) >= 1 - beta
OK
P(0|0 -1 -1) >= 1 - beta
OK
P(0|0 -1 0) >= 1 - beta
OK
P(2|0 -1 1) >= 1 - beta
OK
P(2|0 -1 2) >= 1 - beta
OK
P(2|0 -1 3) >= 1 - beta
OK
P(0|0 0 -3) >= 1 - beta
OK
P(0|0 0 -2) >= 1 - beta
OK
P(0|0 0 -1) >= 1 - beta
OK
P(0|0 0 0) >= 1 - beta
OK
P(2|0 0 1) >= 1 - beta
OK
P(2|0 0 2) >= 1 - beta
OK
P(2|0 0 3) >= 1 - beta
OK
P(1|0 1 -3) >= 1 - beta
OK
P(1|0 1 -2) >= 1 - beta
OK
P(1|0 1 -1) >= 1 - beta
OK
P(1|0 1 0) >= 1 - beta
OK
P(1|0 1 1) >= 1 - beta
OK
P(2|0 1 2) >= 1 - beta
OK
P(2|0 1 3) >= 1 - beta
OK
P(1|0 2 -3) >= 1 - beta
OK
P(1|0 2 -2) >= 1 - beta
OK
P(1|0 2 -1) >= 1 - beta
OK
P(1|0 2 0) >= 1 - beta
OK
P(1|0 2 1) >= 1 - beta
OK
P(1|0 2 2) >= 1 - beta
OK
P(2|0 2 3) >= 1 - beta
OK
P(1|0 3 -3) >= 1 - beta
OK
P(1|0 3 -2) >= 1 - beta
OK
P(1|0 3 -1) >= 1 - beta
OK
P(1|0 3 0) >= 1 - beta
OK
P(1|0 3 1) >= 1 - beta
OK
P(1|0 3 2) >= 1 - beta
OK
P(1|0 3 3) >= 1 - beta
OK
P(0|1 -3 -3) >= 1 - beta
OK
P(0|1 -3 -2) >= 1 - beta
OK
P(0|1 -3 -1) >= 1 - beta
OK
P(0|1 -3 0) >= 1 - beta
OK
P(0|1 -3 1) >= 1 - beta
OK
P(2|1 -3 2) >= 1 - beta
OK
P(2|1 -3 3) >= 1 - beta
OK
P(0|1 -2 -3) >= 1 - beta
OK
P(0|1 -2 -2) >= 1 - beta
OK
P(0|1 -2 -1) >= 1 - beta
OK
P(0|1 -2 0) >= 1 - beta
OK
P(0|1 -2 1) >= 1 - beta
OK
P(2|1 -2 2) >= 1 - beta
OK
P(2|1 -2 3) >= 1 - beta
OK
P(0|1 -1 -3) >= 1 - beta
OK
P(0|1 -1 -2) >= 1 - beta
OK
P(0|1 -1 -1) >= 1 - beta
OK
P(0|1 -1 0) >= 1 - beta
OK
P(0|1 -1 1) >= 1 - beta
OK
P(2|1 -1 2) >= 1 - beta
OK
P(2|1 -1 3) >= 1 - beta
OK
P(0|1 0 -3) >= 1 - beta
OK
P(0|1 0 -2) >= 1 - beta
OK
P(0|1 0 -1) >= 1 - beta
OK
P(0|1 0 0) >= 1 - beta
OK
P(0|1 0 1) >= 1 - beta
OK
P(2|1 0 2) >= 1 - beta
OK
P(2|1 0 3) >= 1 - beta
OK
P(0|1 1 -3) >= 1 - beta
OK
P(0|1 1 -2) >= 1 - beta
OK
P(0|1 1 -1) >= 1 - beta
OK
P(0|1 1 0) >= 1 - beta
OK
P(0|1 1 1) >= 1 - beta
OK
P(2|1 1 2) >= 1 - beta
OK
P(2|1 1 3) >= 1 - beta
OK
P(1|1 2 -3) >= 1 - beta
OK
P(1|1 2 -2) >= 1 - beta
OK
P(1|1 2 -1) >= 1 - beta
OK
P(1|1 2 0) >= 1 - beta
OK
P(1|1 2 1) >= 1 - beta
OK
P(1|1 2 2) >= 1 - beta
OK
P(2|1 2 3) >= 1 - beta
OK
P(1|1 3 -3) >= 1 - beta
OK
P(1|1 3 -2) >= 1 - beta
OK
P(1|1 3 -1) >= 1 - beta
OK
P(1|1 3 0) >= 1 - beta
OK
P(1|1 3 1) >= 1 - beta
OK
P(1|1 3 2) >= 1 - beta
OK
P(1|1 3 3) >= 1 - beta
OK
P(0|2 -3 -3) >= 1 - beta
OK
P(0|2 -3 -2) >= 1 - beta
OK
P(0|2 -3 -1) >= 1 - beta
OK
P(0|2 -3 0) >= 1 - beta
OK
P(0|2 -3 1) >= 1 - beta
OK
P(0|2 -3 2) >= 1 - beta
OK
P(2|2 -3 3) >= 1 - beta
OK
P(0|2 -2 -3) >= 1 - beta
OK
P(0|2 -2 -2) >= 1 - beta
OK
P(0|2 -2 -1) >= 1 - beta
OK
P(0|2 -2 0) >= 1 - beta
OK
P(0|2 -2 1) >= 1 - beta
OK
P(0|2 -2 2) >= 1 - beta
OK
P(2|2 -2 3) >= 1 - beta
OK
P(0|2 -1 -3) >= 1 - beta
OK
P(0|2 -1 -2) >= 1 - beta
OK
P(0|2 -1 -1) >= 1 - beta
OK
P(0|2 -1 0) >= 1 - beta
OK
P(0|2 -1 1) >= 1 - beta
OK
P(0|2 -1 2) >= 1 - beta
OK
P(2|2 -1 3) >= 1 - beta
OK
P(0|2 0 -3) >= 1 - beta
OK
P(0|2 0 -2) >= 1 - beta
OK
P(0|2 0 -1) >= 1 - beta
OK
P(0|2 0 0) >= 1 - beta
OK
P(0|2 0 1) >= 1 - beta
OK
P(0|2 0 2) >= 1 - beta
OK
P(2|2 0 3) >= 1 - beta
OK
P(0|2 1 -3) >= 1 - beta
OK
P(0|2 1 -2) >= 1 - beta
OK
P(0|2 1 -1) >= 1 - beta
OK
P(0|2 1 0) >= 1 - beta
OK
P(0|2 1 1) >= 1 - beta
OK
P(0|2 1 2) >= 1 - beta
OK
P(2|2 1 3) >= 1 - beta
OK
P(0|2 2 -3) >= 1 - beta
OK
P(0|2 2 -2) >= 1 - beta
OK
P(0|2 2 -1) >= 1 - beta
OK
P(0|2 2 0) >= 1 - beta
OK
P(0|2 2 1) >= 1 - beta
OK
P(0|2 2 2) >= 1 - beta
OK
P(2|2 2 3) >= 1 - beta
OK
P(1|2 3 -3) >= 1 - beta
OK
P(1|2 3 -2) >= 1 - beta
OK
P(1|2 3 -1) >= 1 - beta
OK
P(1|2 3 0) >= 1 - beta
OK
P(1|2 3 1) >= 1 - beta
OK
P(1|2 3 2) >= 1 - beta
OK
P(1|2 3 3) >= 1 - beta
OK
P(0|3 -3 -3) >= 1 - beta
OK
P(0|3 -3 -2) >= 1 - beta
OK
P(0|3 -3 -1) >= 1 - beta
OK
P(0|3 -3 0) >= 1 - beta
OK
P(0|3 -3 1) >= 1 - beta
OK
P(0|3 -3 2) >= 1 - beta
OK
P(0|3 -3 3) >= 1 - beta
OK
P(0|3 -2 -3) >= 1 - beta
OK
P(0|3 -2 -2) >= 1 - beta
OK
P(0|3 -2 -1) >= 1 - beta
OK
P(0|3 -2 0) >= 1 - beta
OK
P(0|3 -2 1) >= 1 - beta
OK
P(0|3 -2 2) >= 1 - beta
OK
P(0|3 -2 3) >= 1 - beta
OK
P(0|3 -1 -3) >= 1 - beta
OK
P(0|3 -1 -2) >= 1 - beta
OK
P(0|3 -1 -1) >= 1 - beta
OK
P(0|3 -1 0) >= 1 - beta
OK
P(0|3 -1 1) >= 1 - beta
OK
P(0|3 -1 2) >= 1 - beta
OK
P(0|3 -1 3) >= 1 - beta
OK
P(0|3 0 -3) >= 1 - beta
OK
P(0|3 0 -2) >= 1 - beta
OK
P(0|3 0 -1) >= 1 - beta
OK
P(0|3 0 0) >= 1 - beta
OK
P(0|3 0 1) >= 1 - beta
OK
P(0|3 0 2) >= 1 - beta
OK
P(0|3 0 3) >= 1 - beta
OK
P(0|3 1 -3) >= 1 - beta
OK
P(0|3 1 -2) >= 1 - beta
OK
P(0|3 1 -1) >= 1 - beta
OK
P(0|3 1 0) >= 1 - beta
OK
P(0|3 1 1) >= 1 - beta
OK
P(0|3 1 2) >= 1 - beta
OK
P(0|3 1 3) >= 1 - beta
OK
P(0|3 2 -3) >= 1 - beta
OK
P(0|3 2 -2) >= 1 - beta
OK
P(0|3 2 -1) >= 1 - beta
OK
P(0|3 2 0) >= 1 - beta
OK
P(0|3 2 1) >= 1 - beta
OK
P(0|3 2 2) >= 1 - beta
OK
P(0|3 2 3) >= 1 - beta
OK
P(0|3 3 -3) >= 1 - beta
OK
P(0|3 3 -2) >= 1 - beta
OK
P(0|3 3 -1) >= 1 - beta
OK
P(0|3 3 0) >= 1 - beta
OK
P(0|3 3 1) >= 1 - beta
OK
P(0|3 3 2) >= 1 - beta
OK
P(0|3 3 3) >= 1 - beta
True
-----------------------------------------------------------------------------------------
